*** Starting uWSGI 2.0.15 (64bit) on [Sun Feb 25 20:31:54 2018] ***
compiled with version: 5.4.0 20160609 on 03 December 2017 16:50:02
os: Linux-4.4.0-62-generic #83-Ubuntu SMP Wed Jan 18 14:10:15 UTC 2017
nodename: xiaobaoxia
machine: x86_64
clock source: unix
detected number of CPU cores: 1
current working directory: /root/web
writing pidfile to /opt/proj/script/uwsgi.pid
open("/opt/proj/script/uwsgi.pid"): No such file or directory [core/utils.c line 3590]
*** Starting uWSGI 2.0.15 (64bit) on [Sun Feb 25 20:34:08 2018] ***
compiled with version: 5.4.0 20160609 on 03 December 2017 16:50:02
os: Linux-4.4.0-62-generic #83-Ubuntu SMP Wed Jan 18 14:10:15 UTC 2017
nodename: xiaobaoxia
machine: x86_64
clock source: unix
detected number of CPU cores: 1
current working directory: /root/web
writing pidfile to /root/web/uwsgi.pid
detected binary path: /usr/local/bin/uwsgi
!!! no internal routing support, rebuild with pcre support !!!
*** WARNING: you are running uWSGI as root !!! (use the --uid flag) *** 
chdir() to /root/web/
your processes number limit is 3826
your memory page size is 4096 bytes
detected max file descriptor number: 65535
building mime-types dictionary from file /etc/mime.types...552 entry found
lock engine: pthread robust mutexes
thunder lock: enabled
bind(): Cannot assign requested address [core/socket.c line 769]
*** Starting uWSGI 2.0.15 (64bit) on [Sun Feb 25 20:38:30 2018] ***
compiled with version: 5.4.0 20160609 on 03 December 2017 16:50:02
os: Linux-4.4.0-62-generic #83-Ubuntu SMP Wed Jan 18 14:10:15 UTC 2017
nodename: xiaobaoxia
machine: x86_64
clock source: unix
detected number of CPU cores: 1
current working directory: /root/web
writing pidfile to /root/web/uwsgi.pid
detected binary path: /usr/local/bin/uwsgi
!!! no internal routing support, rebuild with pcre support !!!
*** WARNING: you are running uWSGI as root !!! (use the --uid flag) *** 
chdir() to /root/web/
your processes number limit is 3826
your memory page size is 4096 bytes
detected max file descriptor number: 65535
lock engine: pthread robust mutexes
thunder lock: enabled
bind(): Cannot assign requested address [core/socket.c line 769]
*** Starting uWSGI 2.0.15 (64bit) on [Sun Feb 25 20:51:23 2018] ***
compiled with version: 5.4.0 20160609 on 03 December 2017 16:50:02
os: Linux-4.4.0-62-generic #83-Ubuntu SMP Wed Jan 18 14:10:15 UTC 2017
nodename: xiaobaoxia
machine: x86_64
clock source: unix
detected number of CPU cores: 1
current working directory: /root/web
writing pidfile to uwsgi.pid
detected binary path: /usr/local/bin/uwsgi
!!! no internal routing support, rebuild with pcre support !!!
uWSGI running as root, you can use --uid/--gid/--chroot options
*** WARNING: you are running uWSGI as root !!! (use the --uid flag) *** 
chdir() to /root/web
your processes number limit is 3826
your memory page size is 4096 bytes
detected max file descriptor number: 65535
lock engine: pthread robust mutexes
thunder lock: disabled (you can enable it with --thunder-lock)
uWSGI http bound on 127.0.0.1:8080 fd 4
uwsgi socket 0 bound to TCP address 127.0.0.1:34178 (port auto-assigned) fd 3
Python version: 2.7.12 (default, Nov 19 2016, 06:48:10)  [GCC 5.4.0 20160609]
Set PythonHome to /root/workspaces/django
ImportError: No module named site
*** Starting uWSGI 2.0.15 (64bit) on [Sun Feb 25 21:01:50 2018] ***
compiled with version: 5.4.0 20160609 on 03 December 2017 16:50:02
os: Linux-4.4.0-62-generic #83-Ubuntu SMP Wed Jan 18 14:10:15 UTC 2017
nodename: xiaobaoxia
machine: x86_64
clock source: unix
detected number of CPU cores: 1
current working directory: /root/web
writing pidfile to uwsgi.pid
detected binary path: /usr/local/bin/uwsgi
!!! no internal routing support, rebuild with pcre support !!!
uWSGI running as root, you can use --uid/--gid/--chroot options
*** WARNING: you are running uWSGI as root !!! (use the --uid flag) *** 
chdir() to /root/web
your processes number limit is 3826
your memory page size is 4096 bytes
detected max file descriptor number: 65535
lock engine: pthread robust mutexes
thunder lock: disabled (you can enable it with --thunder-lock)
uWSGI http bound on 127.0.0.1:8080 fd 4
uwsgi socket 0 bound to TCP address 127.0.0.1:34110 (port auto-assigned) fd 3
Python version: 2.7.12 (default, Nov 19 2016, 06:48:10)  [GCC 5.4.0 20160609]
Set PythonHome to /root/workspaces/django
ImportError: No module named site
*** Starting uWSGI 2.0.15 (64bit) on [Sun Feb 25 21:02:30 2018] ***
compiled with version: 5.4.0 20160609 on 03 December 2017 16:50:02
os: Linux-4.4.0-62-generic #83-Ubuntu SMP Wed Jan 18 14:10:15 UTC 2017
nodename: xiaobaoxia
machine: x86_64
clock source: unix
detected number of CPU cores: 1
current working directory: /root/web
writing pidfile to uwsgi.pid
detected binary path: /usr/local/bin/uwsgi
!!! no internal routing support, rebuild with pcre support !!!
uWSGI running as root, you can use --uid/--gid/--chroot options
*** WARNING: you are running uWSGI as root !!! (use the --uid flag) *** 
chdir() to /root/web
your processes number limit is 3826
your memory page size is 4096 bytes
detected max file descriptor number: 65535
lock engine: pthread robust mutexes
thunder lock: disabled (you can enable it with --thunder-lock)
uWSGI http bound on 127.0.0.1:8080 fd 4
uwsgi socket 0 bound to TCP address 127.0.0.1:37251 (port auto-assigned) fd 3
Python version: 2.7.12 (default, Nov 19 2016, 06:48:10)  [GCC 5.4.0 20160609]
Set PythonHome to /root/workspaces/django
ImportError: No module named site
*** Starting uWSGI 2.0.15 (64bit) on [Sun Feb 25 21:03:30 2018] ***
compiled with version: 5.4.0 20160609 on 03 December 2017 16:50:02
os: Linux-4.4.0-62-generic #83-Ubuntu SMP Wed Jan 18 14:10:15 UTC 2017
nodename: xiaobaoxia
machine: x86_64
clock source: unix
detected number of CPU cores: 1
current working directory: /root/web
writing pidfile to uwsgi.pid
detected binary path: /usr/local/bin/uwsgi
!!! no internal routing support, rebuild with pcre support !!!
uWSGI running as root, you can use --uid/--gid/--chroot options
*** WARNING: you are running uWSGI as root !!! (use the --uid flag) *** 
chdir() to /root/web
your processes number limit is 3826
your memory page size is 4096 bytes
detected max file descriptor number: 65535
lock engine: pthread robust mutexes
thunder lock: disabled (you can enable it with --thunder-lock)
uWSGI http bound on 127.0.0.1:8080 fd 4
uwsgi socket 0 bound to TCP address 127.0.0.1:41886 (port auto-assigned) fd 3
Python version: 2.7.12 (default, Nov 19 2016, 06:48:10)  [GCC 5.4.0 20160609]
Set PythonHome to /root/workspaces/django
ImportError: No module named site
*** Starting uWSGI 2.0.15 (64bit) on [Sun Feb 25 21:05:04 2018] ***
compiled with version: 5.4.0 20160609 on 03 December 2017 16:50:02
os: Linux-4.4.0-62-generic #83-Ubuntu SMP Wed Jan 18 14:10:15 UTC 2017
nodename: xiaobaoxia
machine: x86_64
clock source: unix
detected number of CPU cores: 1
current working directory: /root/web
writing pidfile to uwsgi.pid
detected binary path: /usr/local/bin/uwsgi
!!! no internal routing support, rebuild with pcre support !!!
uWSGI running as root, you can use --uid/--gid/--chroot options
*** WARNING: you are running uWSGI as root !!! (use the --uid flag) *** 
chdir() to /root/web
your processes number limit is 3826
your memory page size is 4096 bytes
detected max file descriptor number: 65535
lock engine: pthread robust mutexes
thunder lock: disabled (you can enable it with --thunder-lock)
uWSGI http bound on 127.0.0.1:8080 fd 4
uwsgi socket 0 bound to TCP address 127.0.0.1:38120 (port auto-assigned) fd 3
Python version: 2.7.12 (default, Nov 19 2016, 06:48:10)  [GCC 5.4.0 20160609]
Set PythonHome to /root/workspaces/django
ImportError: No module named site
*** Starting uWSGI 2.0.15 (64bit) on [Sun Feb 25 21:05:18 2018] ***
compiled with version: 5.4.0 20160609 on 03 December 2017 16:50:02
os: Linux-4.4.0-62-generic #83-Ubuntu SMP Wed Jan 18 14:10:15 UTC 2017
nodename: xiaobaoxia
machine: x86_64
clock source: unix
detected number of CPU cores: 1
current working directory: /root/web
writing pidfile to uwsgi.pid
detected binary path: /usr/local/bin/uwsgi
!!! no internal routing support, rebuild with pcre support !!!
uWSGI running as root, you can use --uid/--gid/--chroot options
*** WARNING: you are running uWSGI as root !!! (use the --uid flag) *** 
chdir() to /root/web
your processes number limit is 3826
your memory page size is 4096 bytes
detected max file descriptor number: 65535
lock engine: pthread robust mutexes
thunder lock: disabled (you can enable it with --thunder-lock)
uWSGI http bound on 127.0.0.1:8080 fd 4
uwsgi socket 0 bound to TCP address 127.0.0.1:45470 (port auto-assigned) fd 3
Python version: 2.7.12 (default, Nov 19 2016, 06:48:10)  [GCC 5.4.0 20160609]
Set PythonHome to /root/workspaces/django
ImportError: No module named site
*** Starting uWSGI 2.0.16 (64bit) on [Tue Feb 27 18:07:32 2018] ***
compiled with version: 5.4.0 20160609 on 27 February 2018 09:40:28
os: Linux-4.4.0-62-generic #83-Ubuntu SMP Wed Jan 18 14:10:15 UTC 2017
nodename: xiaobaoxia
machine: x86_64
clock source: unix
detected number of CPU cores: 1
current working directory: /root/web
writing pidfile to uwsgi.pid
detected binary path: /root/workspaces/django/bin/uwsgi
!!! no internal routing support, rebuild with pcre support !!!
dropping root privileges as early as possible
uWSGI running as root, you can use --uid/--gid/--chroot options
*** WARNING: you are running uWSGI as root !!! (use the --uid flag) *** 
chdir() to /root/web
your processes number limit is 3825
your memory page size is 4096 bytes
detected max file descriptor number: 65535
lock engine: pthread robust mutexes
thunder lock: disabled (you can enable it with --thunder-lock)
bind(): Cannot assign requested address [core/socket.c line 769]
*** Starting uWSGI 2.0.16 (64bit) on [Tue Feb 27 18:09:55 2018] ***
compiled with version: 5.4.0 20160609 on 27 February 2018 09:40:28
os: Linux-4.4.0-62-generic #83-Ubuntu SMP Wed Jan 18 14:10:15 UTC 2017
nodename: xiaobaoxia
machine: x86_64
clock source: unix
detected number of CPU cores: 1
current working directory: /root/web
writing pidfile to uwsgi.pid
detected binary path: /root/workspaces/django/bin/uwsgi
!!! no internal routing support, rebuild with pcre support !!!
dropping root privileges as early as possible
uWSGI running as root, you can use --uid/--gid/--chroot options
*** WARNING: you are running uWSGI as root !!! (use the --uid flag) *** 
chdir() to /root/web
your processes number limit is 3825
your memory page size is 4096 bytes
detected max file descriptor number: 65535
lock engine: pthread robust mutexes
thunder lock: disabled (you can enable it with --thunder-lock)
bind(): Cannot assign requested address [core/socket.c line 769]
*** Starting uWSGI 2.0.16 (64bit) on [Tue Feb 27 19:29:42 2018] ***
compiled with version: 5.4.0 20160609 on 27 February 2018 09:40:28
os: Linux-4.4.0-62-generic #83-Ubuntu SMP Wed Jan 18 14:10:15 UTC 2017
nodename: xiaobaoxia
machine: x86_64
clock source: unix
detected number of CPU cores: 1
current working directory: /root/web
writing pidfile to uwsgi.pid
detected binary path: /root/workspaces/django/bin/uwsgi
!!! no internal routing support, rebuild with pcre support !!!
dropping root privileges as early as possible
uWSGI running as root, you can use --uid/--gid/--chroot options
*** WARNING: you are running uWSGI as root !!! (use the --uid flag) *** 
chdir() to /root/web
your processes number limit is 3825
your memory page size is 4096 bytes
detected max file descriptor number: 65535
lock engine: pthread robust mutexes
thunder lock: disabled (you can enable it with --thunder-lock)
uwsgi socket 0 bound to TCP address 127.0.0.1:8080 fd 3
dropping root privileges after socket binding
uWSGI running as root, you can use --uid/--gid/--chroot options
*** WARNING: you are running uWSGI as root !!! (use the --uid flag) *** 
Python version: 3.5.2 (default, Nov 23 2017, 16:37:01)  [GCC 5.4.0 20160609]
Python main interpreter initialized at 0xc64960
dropping root privileges after plugin initialization
uWSGI running as root, you can use --uid/--gid/--chroot options
*** WARNING: you are running uWSGI as root !!! (use the --uid flag) *** 
python threads support enabled
your server socket listen backlog is limited to 100 connections
your mercy for graceful operations on workers is 60 seconds
mapped 416880 bytes (407 KB) for 8 cores
*** Operational MODE: preforking+threaded ***
WSGI app 0 (mountpoint='') ready in 0 seconds on interpreter 0xc64960 pid: 2100 (default app)
dropping root privileges after application loading
uWSGI running as root, you can use --uid/--gid/--chroot options
*** WARNING: you are running uWSGI as root !!! (use the --uid flag) *** 
*** uWSGI is running in multiple interpreter mode ***
spawned uWSGI master process (pid: 2100)
spawned uWSGI worker 1 (pid: 2102, cores: 2)
spawned uWSGI worker 2 (pid: 2103, cores: 2)
spawned uWSGI worker 3 (pid: 2104, cores: 2)
spawned uWSGI worker 4 (pid: 2105, cores: 2)
[pid: 2104|app: 0|req: 1/1] 39.77.82.70 () {42 vars in 715 bytes} [Tue Feb 27 19:29:48 2018] GET / => generated 4438 bytes in 112 msecs (HTTP/1.1 200) 2 headers in 88 bytes (1 switches on core 0)
[pid: 2104|app: 0|req: 2/2] 39.77.82.70 () {40 vars in 642 bytes} [Tue Feb 27 19:29:48 2018] GET /static/js/saolei.js => generated 93 bytes in 3 msecs (HTTP/1.1 404) 2 headers in 80 bytes (1 switches on core 1)
[pid: 2102|app: 0|req: 1/3] 39.77.82.70 () {40 vars in 661 bytes} [Tue Feb 27 19:29:48 2018] GET /static/css/saolei.css => generated 95 bytes in 23 msecs (HTTP/1.1 404) 2 headers in 80 bytes (1 switches on core 0)
[pid: 2102|app: 0|req: 2/4] 39.77.82.70 () {42 vars in 804 bytes} [Tue Feb 27 19:29:49 2018] GET /favicon.ico => generated 85 bytes in 1 msecs (HTTP/1.1 404) 2 headers in 80 bytes (1 switches on core 1)
[{'likecount__sum': 2283271, 'music': 468513829}, {'likecount__sum': 2190078, 'music': 437250607}, {'likecount__sum': 2124279, 'music': 31654455}, {'likecount__sum': 2123867, 'music': 139774}, {'likecount__sum': 1989959, 'music': 436514312}, {'likecount__sum': 1713141, 'music': 31445772}, {'likecount__sum': 1607939, 'music': 489506275}, {'likecount__sum': 1520890, 'music': 27646205}, {'likecount__sum': 1465186, 'music': 30953009}, {'likecount__sum': 1459319, 'music': 531051217}, {'likecount__sum': 1426458, 'music': 38592976}, {'likecount__sum': 1367317, 'music': 496870798}, {'likecount__sum': 1358175, 'music': 513791211}, {'likecount__sum': 1327362, 'music': 29717271}, {'likecount__sum': 1309217, 'music': 37653063}, {'likecount__sum': 1289029, 'music': 480580003}, {'likecount__sum': 1279996, 'music': 483671599}, {'likecount__sum': 1234409, 'music': 451703096}, {'likecount__sum': 1228834, 'music': 33035611}, {'likecount__sum': 1224551, 'music': 421423806}, {'likecount__sum': 1217018, 'music': 28285910}, {'likecount__sum': 1211175, 'music': 461083054}, {'likecount__sum': 1193353, 'music': 27759600}, {'likecount__sum': 1171414, 'music': 465920905}, {'likecount__sum': 1149519, 'music': 29850531}, {'likecount__sum': 985273, 'music': 29750825}, {'likecount__sum': 968895, 'music': 3935139}, {'likecount__sum': 946986, 'music': 30431376}, {'likecount__sum': 908581, 'music': 4386589}, {'likecount__sum': 880451, 'music': 452986458}, {'likecount__sum': 858344, 'music': 31445554}, {'likecount__sum': 833662, 'music': 1934649}, {'likecount__sum': 823670, 'music': 442314991}, {'likecount__sum': 815220, 'music': 28188171}, {'likecount__sum': 811920, 'music': 515803379}, {'likecount__sum': 809783, 'music': 27867140}, {'likecount__sum': 804223, 'music': 4940920}, {'likecount__sum': 796685, 'music': 423228325}, {'likecount__sum': 785316, 'music': 514765154}, {'likecount__sum': 761654, 'music': 202373}, {'likecount__sum': 755941, 'music': 34229234}, {'likecount__sum': 753441, 'music': 308353}, {'likecount__sum': 751138, 'music': 28854182}, {'likecount__sum': 743800, 'music': 27876900}, {'likecount__sum': 742969, 'music': 29553031}, {'likecount__sum': 738128, 'music': 19542337}, {'likecount__sum': 721272, 'music': 401249910}, {'likecount__sum': 707220, 'music': 479422013}, {'likecount__sum': 698713, 'music': 26620756}, {'likecount__sum': 696285, 'music': 29431066}, {'likecount__sum': 674917, 'music': 405597568}, {'likecount__sum': 671374, 'music': 26625301}, {'likecount__sum': 655547, 'music': 86360}, {'likecount__sum': 646961, 'music': 94639}, {'likecount__sum': 645199, 'music': 448393515}, {'likecount__sum': 634832, 'music': 517571371}, {'likecount__sum': 624170, 'music': 471403427}, {'likecount__sum': 622666, 'music': 432506809}, {'likecount__sum': 616745, 'music': 32785700}, {'likecount__sum': 608920, 'music': 469699266}, {'likecount__sum': 608790, 'music': 27570832}, {'likecount__sum': 606138, 'music': 28815250}, {'likecount__sum': 605450, 'music': 1491585}, {'likecount__sum': 595748, 'music': 27890306}, {'likecount__sum': 595744, 'music': 448184048}, {'likecount__sum': 595185, 'music': 25706282}, {'likecount__sum': 573565, 'music': 118261}, {'likecount__sum': 562112, 'music': 432509483}, {'likecount__sum': 550321, 'music': 490602750}, {'likecount__sum': 545635, 'music': 20953761}, {'likecount__sum': 543042, 'music': 27583305}, {'likecount__sum': 539829, 'music': 3986017}, {'likecount__sum': 537556, 'music': 1212320}, {'likecount__sum': 536175, 'music': 30352891}, {'likecount__sum': 535993, 'music': 26830666}, {'likecount__sum': 533354, 'music': 25731320}, {'likecount__sum': 530445, 'music': 33937527}, {'likecount__sum': 529941, 'music': 415792881}, {'likecount__sum': 528915, 'music': 409654891}, {'likecount__sum': 528886, 'music': 406475394}, {'likecount__sum': 527190, 'music': 27901832}, {'likecount__sum': 526760, 'music': 186014}, {'likecount__sum': 525195, 'music': 29966565}, {'likecount__sum': 523196, 'music': 25788001}, {'likecount__sum': 518337, 'music': 31654479}, {'likecount__sum': 508829, 'music': 27406244}, {'likecount__sum': 508725, 'music': 450853439}, {'likecount__sum': 508470, 'music': 488256319}, {'likecount__sum': 504990, 'music': 451169473}, {'likecount__sum': 502806, 'music': 5260494}, {'likecount__sum': 501180, 'music': 29732659}, {'likecount__sum': 499701, 'music': 17996972}, {'likecount__sum': 495826, 'music': 31341931}, {'likecount__sum': 493236, 'music': 28639182}, {'likecount__sum': 491996, 'music': 5179544}, {'likecount__sum': 489446, 'music': 21803760}, {'likecount__sum': 489093, 'music': 32451809}, {'likecount__sum': 487403, 'music': 347230}, {'likecount__sum': 483402, 'music': 17177324}, {'likecount__sum': 482489, 'music': 427142481}]
[pid: 2105|app: 0|req: 1/5] 39.77.82.70 () {42 vars in 836 bytes} [Tue Feb 27 19:29:57 2018] GET /music => generated 451769 bytes in 566 msecs (HTTP/1.1 200) 2 headers in 88 bytes (1 switches on core 0)
[pid: 2102|app: 0|req: 3/6] 39.77.82.70 () {42 vars in 826 bytes} [Tue Feb 27 19:30:10 2018] GET / => generated 4438 bytes in 5 msecs (HTTP/1.1 200) 2 headers in 88 bytes (1 switches on core 1)
[pid: 2104|app: 0|req: 3/7] 39.77.82.70 () {42 vars in 784 bytes} [Tue Feb 27 19:30:10 2018] GET /static/js/saolei.js => generated 93 bytes in 3 msecs (HTTP/1.1 404) 2 headers in 80 bytes (1 switches on core 1)
[pid: 2105|app: 0|req: 2/8] 39.77.82.70 () {42 vars in 803 bytes} [Tue Feb 27 19:30:10 2018] GET /static/css/saolei.css => generated 95 bytes in 2 msecs (HTTP/1.1 404) 2 headers in 80 bytes (1 switches on core 1)
[{'likecount__sum': 2283271, 'music': 468513829}, {'likecount__sum': 2190078, 'music': 437250607}, {'likecount__sum': 2124279, 'music': 31654455}, {'likecount__sum': 2123867, 'music': 139774}, {'likecount__sum': 1989959, 'music': 436514312}, {'likecount__sum': 1713141, 'music': 31445772}, {'likecount__sum': 1607939, 'music': 489506275}, {'likecount__sum': 1520890, 'music': 27646205}, {'likecount__sum': 1465186, 'music': 30953009}, {'likecount__sum': 1459319, 'music': 531051217}, {'likecount__sum': 1426458, 'music': 38592976}, {'likecount__sum': 1367317, 'music': 496870798}, {'likecount__sum': 1358175, 'music': 513791211}, {'likecount__sum': 1327362, 'music': 29717271}, {'likecount__sum': 1309217, 'music': 37653063}, {'likecount__sum': 1289029, 'music': 480580003}, {'likecount__sum': 1279996, 'music': 483671599}, {'likecount__sum': 1234409, 'music': 451703096}, {'likecount__sum': 1228834, 'music': 33035611}, {'likecount__sum': 1224551, 'music': 421423806}, {'likecount__sum': 1217018, 'music': 28285910}, {'likecount__sum': 1211175, 'music': 461083054}, {'likecount__sum': 1193353, 'music': 27759600}, {'likecount__sum': 1171414, 'music': 465920905}, {'likecount__sum': 1149519, 'music': 29850531}, {'likecount__sum': 985273, 'music': 29750825}, {'likecount__sum': 968895, 'music': 3935139}, {'likecount__sum': 946986, 'music': 30431376}, {'likecount__sum': 908581, 'music': 4386589}, {'likecount__sum': 880451, 'music': 452986458}, {'likecount__sum': 858344, 'music': 31445554}, {'likecount__sum': 833662, 'music': 1934649}, {'likecount__sum': 823670, 'music': 442314991}, {'likecount__sum': 815220, 'music': 28188171}, {'likecount__sum': 811920, 'music': 515803379}, {'likecount__sum': 809783, 'music': 27867140}, {'likecount__sum': 804223, 'music': 4940920}, {'likecount__sum': 796685, 'music': 423228325}, {'likecount__sum': 785316, 'music': 514765154}, {'likecount__sum': 761654, 'music': 202373}, {'likecount__sum': 755941, 'music': 34229234}, {'likecount__sum': 753441, 'music': 308353}, {'likecount__sum': 751138, 'music': 28854182}, {'likecount__sum': 743800, 'music': 27876900}, {'likecount__sum': 742969, 'music': 29553031}, {'likecount__sum': 738128, 'music': 19542337}, {'likecount__sum': 721272, 'music': 401249910}, {'likecount__sum': 707220, 'music': 479422013}, {'likecount__sum': 698713, 'music': 26620756}, {'likecount__sum': 696285, 'music': 29431066}, {'likecount__sum': 674917, 'music': 405597568}, {'likecount__sum': 671374, 'music': 26625301}, {'likecount__sum': 655547, 'music': 86360}, {'likecount__sum': 646961, 'music': 94639}, {'likecount__sum': 645199, 'music': 448393515}, {'likecount__sum': 634832, 'music': 517571371}, {'likecount__sum': 624170, 'music': 471403427}, {'likecount__sum': 622666, 'music': 432506809}, {'likecount__sum': 616745, 'music': 32785700}, {'likecount__sum': 608920, 'music': 469699266}, {'likecount__sum': 608790, 'music': 27570832}, {'likecount__sum': 606138, 'music': 28815250}, {'likecount__sum': 605450, 'music': 1491585}, {'likecount__sum': 595748, 'music': 27890306}, {'likecount__sum': 595744, 'music': 448184048}, {'likecount__sum': 595185, 'music': 25706282}, {'likecount__sum': 573565, 'music': 118261}, {'likecount__sum': 562112, 'music': 432509483}, {'likecount__sum': 550321, 'music': 490602750}, {'likecount__sum': 545635, 'music': 20953761}, {'likecount__sum': 543042, 'music': 27583305}, {'likecount__sum': 539829, 'music': 3986017}, {'likecount__sum': 537556, 'music': 1212320}, {'likecount__sum': 536175, 'music': 30352891}, {'likecount__sum': 535993, 'music': 26830666}, {'likecount__sum': 533354, 'music': 25731320}, {'likecount__sum': 530445, 'music': 33937527}, {'likecount__sum': 529941, 'music': 415792881}, {'likecount__sum': 528915, 'music': 409654891}, {'likecount__sum': 528886, 'music': 406475394}, {'likecount__sum': 527190, 'music': 27901832}, {'likecount__sum': 526760, 'music': 186014}, {'likecount__sum': 525195, 'music': 29966565}, {'likecount__sum': 523196, 'music': 25788001}, {'likecount__sum': 518337, 'music': 31654479}, {'likecount__sum': 508829, 'music': 27406244}, {'likecount__sum': 508725, 'music': 450853439}, {'likecount__sum': 508470, 'music': 488256319}, {'likecount__sum': 504990, 'music': 451169473}, {'likecount__sum': 502806, 'music': 5260494}, {'likecount__sum': 501180, 'music': 29732659}, {'likecount__sum': 499701, 'music': 17996972}, {'likecount__sum': 495826, 'music': 31341931}, {'likecount__sum': 493236, 'music': 28639182}, {'likecount__sum': 491996, 'music': 5179544}, {'likecount__sum': 489446, 'music': 21803760}, {'likecount__sum': 489093, 'music': 32451809}, {'likecount__sum': 487403, 'music': 347230}, {'likecount__sum': 483402, 'music': 17177324}, {'likecount__sum': 482489, 'music': 427142481}]
[pid: 2103|app: 0|req: 1/9] 39.77.82.70 () {42 vars in 836 bytes} [Tue Feb 27 19:30:27 2018] GET /music => generated 451769 bytes in 571 msecs (HTTP/1.1 200) 2 headers in 88 bytes (1 switches on core 0)
[{'likecount__sum': 2283271, 'music': 468513829}, {'likecount__sum': 2190078, 'music': 437250607}, {'likecount__sum': 2124279, 'music': 31654455}, {'likecount__sum': 2123867, 'music': 139774}, {'likecount__sum': 1989959, 'music': 436514312}, {'likecount__sum': 1713141, 'music': 31445772}, {'likecount__sum': 1607939, 'music': 489506275}, {'likecount__sum': 1520890, 'music': 27646205}, {'likecount__sum': 1465186, 'music': 30953009}, {'likecount__sum': 1459319, 'music': 531051217}, {'likecount__sum': 1426458, 'music': 38592976}, {'likecount__sum': 1367317, 'music': 496870798}, {'likecount__sum': 1358175, 'music': 513791211}, {'likecount__sum': 1327362, 'music': 29717271}, {'likecount__sum': 1309217, 'music': 37653063}, {'likecount__sum': 1289029, 'music': 480580003}, {'likecount__sum': 1279996, 'music': 483671599}, {'likecount__sum': 1234409, 'music': 451703096}, {'likecount__sum': 1228834, 'music': 33035611}, {'likecount__sum': 1224551, 'music': 421423806}, {'likecount__sum': 1217018, 'music': 28285910}, {'likecount__sum': 1211175, 'music': 461083054}, {'likecount__sum': 1193353, 'music': 27759600}, {'likecount__sum': 1171414, 'music': 465920905}, {'likecount__sum': 1149519, 'music': 29850531}, {'likecount__sum': 985273, 'music': 29750825}, {'likecount__sum': 968895, 'music': 3935139}, {'likecount__sum': 946986, 'music': 30431376}, {'likecount__sum': 908581, 'music': 4386589}, {'likecount__sum': 880451, 'music': 452986458}, {'likecount__sum': 858344, 'music': 31445554}, {'likecount__sum': 833662, 'music': 1934649}, {'likecount__sum': 823670, 'music': 442314991}, {'likecount__sum': 815220, 'music': 28188171}, {'likecount__sum': 811920, 'music': 515803379}, {'likecount__sum': 809783, 'music': 27867140}, {'likecount__sum': 804223, 'music': 4940920}, {'likecount__sum': 796685, 'music': 423228325}, {'likecount__sum': 785316, 'music': 514765154}, {'likecount__sum': 761654, 'music': 202373}, {'likecount__sum': 755941, 'music': 34229234}, {'likecount__sum': 753441, 'music': 308353}, {'likecount__sum': 751138, 'music': 28854182}, {'likecount__sum': 743800, 'music': 27876900}, {'likecount__sum': 742969, 'music': 29553031}, {'likecount__sum': 738128, 'music': 19542337}, {'likecount__sum': 721272, 'music': 401249910}, {'likecount__sum': 707220, 'music': 479422013}, {'likecount__sum': 698713, 'music': 26620756}, {'likecount__sum': 696285, 'music': 29431066}, {'likecount__sum': 674917, 'music': 405597568}, {'likecount__sum': 671374, 'music': 26625301}, {'likecount__sum': 655547, 'music': 86360}, {'likecount__sum': 646961, 'music': 94639}, {'likecount__sum': 645199, 'music': 448393515}, {'likecount__sum': 634832, 'music': 517571371}, {'likecount__sum': 624170, 'music': 471403427}, {'likecount__sum': 622666, 'music': 432506809}, {'likecount__sum': 616745, 'music': 32785700}, {'likecount__sum': 608920, 'music': 469699266}, {'likecount__sum': 608790, 'music': 27570832}, {'likecount__sum': 606138, 'music': 28815250}, {'likecount__sum': 605450, 'music': 1491585}, {'likecount__sum': 595748, 'music': 27890306}, {'likecount__sum': 595744, 'music': 448184048}, {'likecount__sum': 595185, 'music': 25706282}, {'likecount__sum': 573565, 'music': 118261}, {'likecount__sum': 562112, 'music': 432509483}, {'likecount__sum': 550321, 'music': 490602750}, {'likecount__sum': 545635, 'music': 20953761}, {'likecount__sum': 543042, 'music': 27583305}, {'likecount__sum': 539829, 'music': 3986017}, {'likecount__sum': 537556, 'music': 1212320}, {'likecount__sum': 536175, 'music': 30352891}, {'likecount__sum': 535993, 'music': 26830666}, {'likecount__sum': 533354, 'music': 25731320}, {'likecount__sum': 530445, 'music': 33937527}, {'likecount__sum': 529941, 'music': 415792881}, {'likecount__sum': 528915, 'music': 409654891}, {'likecount__sum': 528886, 'music': 406475394}, {'likecount__sum': 527190, 'music': 27901832}, {'likecount__sum': 526760, 'music': 186014}, {'likecount__sum': 525195, 'music': 29966565}, {'likecount__sum': 523196, 'music': 25788001}, {'likecount__sum': 518337, 'music': 31654479}, {'likecount__sum': 508829, 'music': 27406244}, {'likecount__sum': 508725, 'music': 450853439}, {'likecount__sum': 508470, 'music': 488256319}, {'likecount__sum': 504990, 'music': 451169473}, {'likecount__sum': 502806, 'music': 5260494}, {'likecount__sum': 501180, 'music': 29732659}, {'likecount__sum': 499701, 'music': 17996972}, {'likecount__sum': 495826, 'music': 31341931}, {'likecount__sum': 493236, 'music': 28639182}, {'likecount__sum': 491996, 'music': 5179544}, {'likecount__sum': 489446, 'music': 21803760}, {'likecount__sum': 489093, 'music': 32451809}, {'likecount__sum': 487403, 'music': 347230}, {'likecount__sum': 483402, 'music': 17177324}, {'likecount__sum': 482489, 'music': 427142481}]
[pid: 2103|app: 0|req: 2/10] 39.77.82.70 () {38 vars in 1294 bytes} [Tue Feb 27 19:32:24 2018] GET /music?nsukey=qUQdkemL64cOmfCUz28%2FAx5ZkhXEhC8Yt8CcEw4UwcziVDLznM9BvdqYO%2Bt0OED6jo829N2NVIqpEwPnnmDhzdgVOBHhi3OlGMoUKCykhImPJNSMaiXaIFAxr0HTpAYk1UN6lMwsqZyJW8KnsnSqsSFtams2a9LkYk2mmuWaZR%2FaQ2V8nCOP3qMCZczYJAVq3JBelndlMXWUS9bhop%2BvPA%3D%3D => generated 451769 bytes in 545 msecs (HTTP/1.1 200) 2 headers in 88 bytes (1 switches on core 1)
[pid: 2102|app: 0|req: 4/11] 39.77.82.70 () {40 vars in 1056 bytes} [Tue Feb 27 19:32:27 2018] GET /favicon.ico => generated 85 bytes in 1 msecs (HTTP/1.1 404) 2 headers in 80 bytes (1 switches on core 0)
[pid: 2104|app: 0|req: 4/12] 39.77.82.70 () {40 vars in 1056 bytes} [Tue Feb 27 19:32:27 2018] GET /favicon.ico => generated 85 bytes in 1 msecs (HTTP/1.1 404) 2 headers in 80 bytes (1 switches on core 0)
[pid: 2105|app: 0|req: 3/13] 39.77.82.70 () {40 vars in 1056 bytes} [Tue Feb 27 19:32:27 2018] GET /favicon.ico => generated 85 bytes in 1 msecs (HTTP/1.1 404) 2 headers in 80 bytes (1 switches on core 0)
[{'likecount__sum': 2283271, 'music': 468513829}, {'likecount__sum': 2190078, 'music': 437250607}, {'likecount__sum': 2124279, 'music': 31654455}, {'likecount__sum': 2123867, 'music': 139774}, {'likecount__sum': 1989959, 'music': 436514312}, {'likecount__sum': 1713141, 'music': 31445772}, {'likecount__sum': 1607939, 'music': 489506275}, {'likecount__sum': 1520890, 'music': 27646205}, {'likecount__sum': 1465186, 'music': 30953009}, {'likecount__sum': 1459319, 'music': 531051217}, {'likecount__sum': 1426458, 'music': 38592976}, {'likecount__sum': 1367317, 'music': 496870798}, {'likecount__sum': 1358175, 'music': 513791211}, {'likecount__sum': 1327362, 'music': 29717271}, {'likecount__sum': 1309217, 'music': 37653063}, {'likecount__sum': 1289029, 'music': 480580003}, {'likecount__sum': 1279996, 'music': 483671599}, {'likecount__sum': 1234409, 'music': 451703096}, {'likecount__sum': 1228834, 'music': 33035611}, {'likecount__sum': 1224551, 'music': 421423806}, {'likecount__sum': 1217018, 'music': 28285910}, {'likecount__sum': 1211175, 'music': 461083054}, {'likecount__sum': 1193353, 'music': 27759600}, {'likecount__sum': 1171414, 'music': 465920905}, {'likecount__sum': 1149519, 'music': 29850531}, {'likecount__sum': 985273, 'music': 29750825}, {'likecount__sum': 968895, 'music': 3935139}, {'likecount__sum': 946986, 'music': 30431376}, {'likecount__sum': 908581, 'music': 4386589}, {'likecount__sum': 880451, 'music': 452986458}, {'likecount__sum': 858344, 'music': 31445554}, {'likecount__sum': 833662, 'music': 1934649}, {'likecount__sum': 823670, 'music': 442314991}, {'likecount__sum': 815220, 'music': 28188171}, {'likecount__sum': 811920, 'music': 515803379}, {'likecount__sum': 809783, 'music': 27867140}, {'likecount__sum': 804223, 'music': 4940920}, {'likecount__sum': 796685, 'music': 423228325}, {'likecount__sum': 785316, 'music': 514765154}, {'likecount__sum': 761654, 'music': 202373}, {'likecount__sum': 755941, 'music': 34229234}, {'likecount__sum': 753441, 'music': 308353}, {'likecount__sum': 751138, 'music': 28854182}, {'likecount__sum': 743800, 'music': 27876900}, {'likecount__sum': 742969, 'music': 29553031}, {'likecount__sum': 738128, 'music': 19542337}, {'likecount__sum': 721272, 'music': 401249910}, {'likecount__sum': 707220, 'music': 479422013}, {'likecount__sum': 698713, 'music': 26620756}, {'likecount__sum': 696285, 'music': 29431066}, {'likecount__sum': 674917, 'music': 405597568}, {'likecount__sum': 671374, 'music': 26625301}, {'likecount__sum': 655547, 'music': 86360}, {'likecount__sum': 646961, 'music': 94639}, {'likecount__sum': 645199, 'music': 448393515}, {'likecount__sum': 634832, 'music': 517571371}, {'likecount__sum': 624170, 'music': 471403427}, {'likecount__sum': 622666, 'music': 432506809}, {'likecount__sum': 616745, 'music': 32785700}, {'likecount__sum': 608920, 'music': 469699266}, {'likecount__sum': 608790, 'music': 27570832}, {'likecount__sum': 606138, 'music': 28815250}, {'likecount__sum': 605450, 'music': 1491585}, {'likecount__sum': 595748, 'music': 27890306}, {'likecount__sum': 595744, 'music': 448184048}, {'likecount__sum': 595185, 'music': 25706282}, {'likecount__sum': 573565, 'music': 118261}, {'likecount__sum': 562112, 'music': 432509483}, {'likecount__sum': 550321, 'music': 490602750}, {'likecount__sum': 545635, 'music': 20953761}, {'likecount__sum': 543042, 'music': 27583305}, {'likecount__sum': 539829, 'music': 3986017}, {'likecount__sum': 537556, 'music': 1212320}, {'likecount__sum': 536175, 'music': 30352891}, {'likecount__sum': 535993, 'music': 26830666}, {'likecount__sum': 533354, 'music': 25731320}, {'likecount__sum': 530445, 'music': 33937527}, {'likecount__sum': 529941, 'music': 415792881}, {'likecount__sum': 528915, 'music': 409654891}, {'likecount__sum': 528886, 'music': 406475394}, {'likecount__sum': 527190, 'music': 27901832}, {'likecount__sum': 526760, 'music': 186014}, {'likecount__sum': 525195, 'music': 29966565}, {'likecount__sum': 523196, 'music': 25788001}, {'likecount__sum': 518337, 'music': 31654479}, {'likecount__sum': 508829, 'music': 27406244}, {'likecount__sum': 508725, 'music': 450853439}, {'likecount__sum': 508470, 'music': 488256319}, {'likecount__sum': 504990, 'music': 451169473}, {'likecount__sum': 502806, 'music': 5260494}, {'likecount__sum': 501180, 'music': 29732659}, {'likecount__sum': 499701, 'music': 17996972}, {'likecount__sum': 495826, 'music': 31341931}, {'likecount__sum': 493236, 'music': 28639182}, {'likecount__sum': 491996, 'music': 5179544}, {'likecount__sum': 489446, 'music': 21803760}, {'likecount__sum': 489093, 'music': 32451809}, {'likecount__sum': 487403, 'music': 347230}, {'likecount__sum': 483402, 'music': 17177324}, {'likecount__sum': 482489, 'music': 427142481}]
[pid: 2105|app: 0|req: 4/14] 121.51.32.144 () {36 vars in 1141 bytes} [Tue Feb 27 19:33:27 2018] GET /music?nsukey=qUQdkemL64cOmfCUz28%2FAx5ZkhXEhC8Yt8CcEw4UwcziVDLznM9BvdqYO%2Bt0OED6jo829N2NVIqpEwPnnmDhzdgVOBHhi3OlGMoUKCykhImPJNSMaiXaIFAxr0HTpAYk1UN6lMwsqZyJW8KnsnSqsSFtams2a9LkYk2mmuWaZR%2FaQ2V8nCOP3qMCZczYJAVq3JBelndlMXWUS9bhop%2BvPA%3D%3D => generated 451769 bytes in 541 msecs (HTTP/1.1 200) 2 headers in 88 bytes (1 switches on core 1)
[{'likecount__sum': 2283271, 'music': 468513829}, {'likecount__sum': 2190078, 'music': 437250607}, {'likecount__sum': 2124279, 'music': 31654455}, {'likecount__sum': 2123867, 'music': 139774}, {'likecount__sum': 1989959, 'music': 436514312}, {'likecount__sum': 1713141, 'music': 31445772}, {'likecount__sum': 1607939, 'music': 489506275}, {'likecount__sum': 1520890, 'music': 27646205}, {'likecount__sum': 1465186, 'music': 30953009}, {'likecount__sum': 1459319, 'music': 531051217}, {'likecount__sum': 1426458, 'music': 38592976}, {'likecount__sum': 1367317, 'music': 496870798}, {'likecount__sum': 1358175, 'music': 513791211}, {'likecount__sum': 1327362, 'music': 29717271}, {'likecount__sum': 1309217, 'music': 37653063}, {'likecount__sum': 1289029, 'music': 480580003}, {'likecount__sum': 1279996, 'music': 483671599}, {'likecount__sum': 1234409, 'music': 451703096}, {'likecount__sum': 1228834, 'music': 33035611}, {'likecount__sum': 1224551, 'music': 421423806}, {'likecount__sum': 1217018, 'music': 28285910}, {'likecount__sum': 1211175, 'music': 461083054}, {'likecount__sum': 1193353, 'music': 27759600}, {'likecount__sum': 1171414, 'music': 465920905}, {'likecount__sum': 1149519, 'music': 29850531}, {'likecount__sum': 985273, 'music': 29750825}, {'likecount__sum': 968895, 'music': 3935139}, {'likecount__sum': 946986, 'music': 30431376}, {'likecount__sum': 908581, 'music': 4386589}, {'likecount__sum': 880451, 'music': 452986458}, {'likecount__sum': 858344, 'music': 31445554}, {'likecount__sum': 833662, 'music': 1934649}, {'likecount__sum': 823670, 'music': 442314991}, {'likecount__sum': 815220, 'music': 28188171}, {'likecount__sum': 811920, 'music': 515803379}, {'likecount__sum': 809783, 'music': 27867140}, {'likecount__sum': 804223, 'music': 4940920}, {'likecount__sum': 796685, 'music': 423228325}, {'likecount__sum': 785316, 'music': 514765154}, {'likecount__sum': 761654, 'music': 202373}, {'likecount__sum': 755941, 'music': 34229234}, {'likecount__sum': 753441, 'music': 308353}, {'likecount__sum': 751138, 'music': 28854182}, {'likecount__sum': 743800, 'music': 27876900}, {'likecount__sum': 742969, 'music': 29553031}, {'likecount__sum': 738128, 'music': 19542337}, {'likecount__sum': 721272, 'music': 401249910}, {'likecount__sum': 707220, 'music': 479422013}, {'likecount__sum': 698713, 'music': 26620756}, {'likecount__sum': 696285, 'music': 29431066}, {'likecount__sum': 674917, 'music': 405597568}, {'likecount__sum': 671374, 'music': 26625301}, {'likecount__sum': 655547, 'music': 86360}, {'likecount__sum': 646961, 'music': 94639}, {'likecount__sum': 645199, 'music': 448393515}, {'likecount__sum': 634832, 'music': 517571371}, {'likecount__sum': 624170, 'music': 471403427}, {'likecount__sum': 622666, 'music': 432506809}, {'likecount__sum': 616745, 'music': 32785700}, {'likecount__sum': 608920, 'music': 469699266}, {'likecount__sum': 608790, 'music': 27570832}, {'likecount__sum': 606138, 'music': 28815250}, {'likecount__sum': 605450, 'music': 1491585}, {'likecount__sum': 595748, 'music': 27890306}, {'likecount__sum': 595744, 'music': 448184048}, {'likecount__sum': 595185, 'music': 25706282}, {'likecount__sum': 573565, 'music': 118261}, {'likecount__sum': 562112, 'music': 432509483}, {'likecount__sum': 550321, 'music': 490602750}, {'likecount__sum': 545635, 'music': 20953761}, {'likecount__sum': 543042, 'music': 27583305}, {'likecount__sum': 539829, 'music': 3986017}, {'likecount__sum': 537556, 'music': 1212320}, {'likecount__sum': 536175, 'music': 30352891}, {'likecount__sum': 535993, 'music': 26830666}, {'likecount__sum': 533354, 'music': 25731320}, {'likecount__sum': 530445, 'music': 33937527}, {'likecount__sum': 529941, 'music': 415792881}, {'likecount__sum': 528915, 'music': 409654891}, {'likecount__sum': 528886, 'music': 406475394}, {'likecount__sum': 527190, 'music': 27901832}, {'likecount__sum': 526760, 'music': 186014}, {'likecount__sum': 525195, 'music': 29966565}, {'likecount__sum': 523196, 'music': 25788001}, {'likecount__sum': 518337, 'music': 31654479}, {'likecount__sum': 508829, 'music': 27406244}, {'likecount__sum': 508725, 'music': 450853439}, {'likecount__sum': 508470, 'music': 488256319}, {'likecount__sum': 504990, 'music': 451169473}, {'likecount__sum': 502806, 'music': 5260494}, {'likecount__sum': 501180, 'music': 29732659}, {'likecount__sum': 499701, 'music': 17996972}, {'likecount__sum': 495826, 'music': 31341931}, {'likecount__sum': 493236, 'music': 28639182}, {'likecount__sum': 491996, 'music': 5179544}, {'likecount__sum': 489446, 'music': 21803760}, {'likecount__sum': 489093, 'music': 32451809}, {'likecount__sum': 487403, 'music': 347230}, {'likecount__sum': 483402, 'music': 17177324}, {'likecount__sum': 482489, 'music': 427142481}]
[pid: 2102|app: 0|req: 5/15] 14.116.137.168 () {44 vars in 1145 bytes} [Tue Feb 27 19:34:55 2018] GET /music?nsukey=d80NqJJp%2B7NqhzpUsHrmfJjSeSRPLAruXYfbfixsptRZH6mz57fQaCLFUPb2B6wm1Qh1eXMEcKm4HdtzNQ6dmb2P%2FKAmJAc4FLxugXaeIua5YBhyOWWPXcWaAgWl0lxOSxbh1c47tGvS13indMdE1PBI1u3nPzIADST4mPhMQp8Sp78lpEPIg26w5mIGSLaOdd27NuHfsxSQa9HU%2BvG6Mg%3D%3D => generated 451769 bytes in 546 msecs (HTTP/1.1 200) 2 headers in 88 bytes (1 switches on core 0)
[pid: 2102|app: 0|req: 6/16] 157.255.172.20 () {42 vars in 720 bytes} [Tue Feb 27 19:34:57 2018] GET / => generated 4438 bytes in 1 msecs (HTTP/1.1 200) 2 headers in 88 bytes (1 switches on core 1)
[{'likecount__sum': 2283271, 'music': 468513829}, {'likecount__sum': 2190078, 'music': 437250607}, {'likecount__sum': 2124279, 'music': 31654455}, {'likecount__sum': 2123867, 'music': 139774}, {'likecount__sum': 1989959, 'music': 436514312}, {'likecount__sum': 1713141, 'music': 31445772}, {'likecount__sum': 1607939, 'music': 489506275}, {'likecount__sum': 1520890, 'music': 27646205}, {'likecount__sum': 1465186, 'music': 30953009}, {'likecount__sum': 1459319, 'music': 531051217}, {'likecount__sum': 1426458, 'music': 38592976}, {'likecount__sum': 1367317, 'music': 496870798}, {'likecount__sum': 1358175, 'music': 513791211}, {'likecount__sum': 1327362, 'music': 29717271}, {'likecount__sum': 1309217, 'music': 37653063}, {'likecount__sum': 1289029, 'music': 480580003}, {'likecount__sum': 1279996, 'music': 483671599}, {'likecount__sum': 1234409, 'music': 451703096}, {'likecount__sum': 1228834, 'music': 33035611}, {'likecount__sum': 1224551, 'music': 421423806}, {'likecount__sum': 1217018, 'music': 28285910}, {'likecount__sum': 1211175, 'music': 461083054}, {'likecount__sum': 1193353, 'music': 27759600}, {'likecount__sum': 1171414, 'music': 465920905}, {'likecount__sum': 1149519, 'music': 29850531}, {'likecount__sum': 985273, 'music': 29750825}, {'likecount__sum': 968895, 'music': 3935139}, {'likecount__sum': 946986, 'music': 30431376}, {'likecount__sum': 908581, 'music': 4386589}, {'likecount__sum': 880451, 'music': 452986458}, {'likecount__sum': 858344, 'music': 31445554}, {'likecount__sum': 833662, 'music': 1934649}, {'likecount__sum': 823670, 'music': 442314991}, {'likecount__sum': 815220, 'music': 28188171}, {'likecount__sum': 811920, 'music': 515803379}, {'likecount__sum': 809783, 'music': 27867140}, {'likecount__sum': 804223, 'music': 4940920}, {'likecount__sum': 796685, 'music': 423228325}, {'likecount__sum': 785316, 'music': 514765154}, {'likecount__sum': 761654, 'music': 202373}, {'likecount__sum': 755941, 'music': 34229234}, {'likecount__sum': 753441, 'music': 308353}, {'likecount__sum': 751138, 'music': 28854182}, {'likecount__sum': 743800, 'music': 27876900}, {'likecount__sum': 742969, 'music': 29553031}, {'likecount__sum': 738128, 'music': 19542337}, {'likecount__sum': 721272, 'music': 401249910}, {'likecount__sum': 707220, 'music': 479422013}, {'likecount__sum': 698713, 'music': 26620756}, {'likecount__sum': 696285, 'music': 29431066}, {'likecount__sum': 674917, 'music': 405597568}, {'likecount__sum': 671374, 'music': 26625301}, {'likecount__sum': 655547, 'music': 86360}, {'likecount__sum': 646961, 'music': 94639}, {'likecount__sum': 645199, 'music': 448393515}, {'likecount__sum': 634832, 'music': 517571371}, {'likecount__sum': 624170, 'music': 471403427}, {'likecount__sum': 622666, 'music': 432506809}, {'likecount__sum': 616745, 'music': 32785700}, {'likecount__sum': 608920, 'music': 469699266}, {'likecount__sum': 608790, 'music': 27570832}, {'likecount__sum': 606138, 'music': 28815250}, {'likecount__sum': 605450, 'music': 1491585}, {'likecount__sum': 595748, 'music': 27890306}, {'likecount__sum': 595744, 'music': 448184048}, {'likecount__sum': 595185, 'music': 25706282}, {'likecount__sum': 573565, 'music': 118261}, {'likecount__sum': 562112, 'music': 432509483}, {'likecount__sum': 550321, 'music': 490602750}, {'likecount__sum': 545635, 'music': 20953761}, {'likecount__sum': 543042, 'music': 27583305}, {'likecount__sum': 539829, 'music': 3986017}, {'likecount__sum': 537556, 'music': 1212320}, {'likecount__sum': 536175, 'music': 30352891}, {'likecount__sum': 535993, 'music': 26830666}, {'likecount__sum': 533354, 'music': 25731320}, {'likecount__sum': 530445, 'music': 33937527}, {'likecount__sum': 529941, 'music': 415792881}, {'likecount__sum': 528915, 'music': 409654891}, {'likecount__sum': 528886, 'music': 406475394}, {'likecount__sum': 527190, 'music': 27901832}, {'likecount__sum': 526760, 'music': 186014}, {'likecount__sum': 525195, 'music': 29966565}, {'likecount__sum': 523196, 'music': 25788001}, {'likecount__sum': 518337, 'music': 31654479}, {'likecount__sum': 508829, 'music': 27406244}, {'likecount__sum': 508725, 'music': 450853439}, {'likecount__sum': 508470, 'music': 488256319}, {'likecount__sum': 504990, 'music': 451169473}, {'likecount__sum': 502806, 'music': 5260494}, {'likecount__sum': 501180, 'music': 29732659}, {'likecount__sum': 499701, 'music': 17996972}, {'likecount__sum': 495826, 'music': 31341931}, {'likecount__sum': 493236, 'music': 28639182}, {'likecount__sum': 491996, 'music': 5179544}, {'likecount__sum': 489446, 'music': 21803760}, {'likecount__sum': 489093, 'music': 32451809}, {'likecount__sum': 487403, 'music': 347230}, {'likecount__sum': 483402, 'music': 17177324}, {'likecount__sum': 482489, 'music': 427142481}]
[pid: 2103|app: 0|req: 3/17] 39.77.82.70 () {38 vars in 1290 bytes} [Tue Feb 27 19:34:57 2018] GET /music?nsukey=d80NqJJp%2B7NqhzpUsHrmfJjSeSRPLAruXYfbfixsptRZH6mz57fQaCLFUPb2B6wm1Qh1eXMEcKm4HdtzNQ6dmb2P%2FKAmJAc4FLxugXaeIua5YBhyOWWPXcWaAgWl0lxOSxbh1c47tGvS13indMdE1PBI1u3nPzIADST4mPhMQp8Sp78lpEPIg26w5mIGSLaOdd27NuHfsxSQa9HU%2BvG6Mg%3D%3D => generated 451769 bytes in 523 msecs (HTTP/1.1 200) 2 headers in 88 bytes (1 switches on core 0)
[pid: 2102|app: 0|req: 7/18] 39.77.82.70 () {40 vars in 1054 bytes} [Tue Feb 27 19:35:00 2018] GET /favicon.ico => generated 85 bytes in 1 msecs (HTTP/1.1 404) 2 headers in 80 bytes (1 switches on core 1)
[{'likecount__sum': 2283271, 'music': 468513829}, {'likecount__sum': 2190078, 'music': 437250607}, {'likecount__sum': 2124279, 'music': 31654455}, {'likecount__sum': 2123867, 'music': 139774}, {'likecount__sum': 1989959, 'music': 436514312}, {'likecount__sum': 1713141, 'music': 31445772}, {'likecount__sum': 1607939, 'music': 489506275}, {'likecount__sum': 1520890, 'music': 27646205}, {'likecount__sum': 1465186, 'music': 30953009}, {'likecount__sum': 1459319, 'music': 531051217}, {'likecount__sum': 1426458, 'music': 38592976}, {'likecount__sum': 1367317, 'music': 496870798}, {'likecount__sum': 1358175, 'music': 513791211}, {'likecount__sum': 1327362, 'music': 29717271}, {'likecount__sum': 1309217, 'music': 37653063}, {'likecount__sum': 1289029, 'music': 480580003}, {'likecount__sum': 1279996, 'music': 483671599}, {'likecount__sum': 1234409, 'music': 451703096}, {'likecount__sum': 1228834, 'music': 33035611}, {'likecount__sum': 1224551, 'music': 421423806}, {'likecount__sum': 1217018, 'music': 28285910}, {'likecount__sum': 1211175, 'music': 461083054}, {'likecount__sum': 1193353, 'music': 27759600}, {'likecount__sum': 1171414, 'music': 465920905}, {'likecount__sum': 1149519, 'music': 29850531}, {'likecount__sum': 985273, 'music': 29750825}, {'likecount__sum': 968895, 'music': 3935139}, {'likecount__sum': 946986, 'music': 30431376}, {'likecount__sum': 908581, 'music': 4386589}, {'likecount__sum': 880451, 'music': 452986458}, {'likecount__sum': 858344, 'music': 31445554}, {'likecount__sum': 833662, 'music': 1934649}, {'likecount__sum': 823670, 'music': 442314991}, {'likecount__sum': 815220, 'music': 28188171}, {'likecount__sum': 811920, 'music': 515803379}, {'likecount__sum': 809783, 'music': 27867140}, {'likecount__sum': 804223, 'music': 4940920}, {'likecount__sum': 796685, 'music': 423228325}, {'likecount__sum': 785316, 'music': 514765154}, {'likecount__sum': 761654, 'music': 202373}, {'likecount__sum': 755941, 'music': 34229234}, {'likecount__sum': 753441, 'music': 308353}, {'likecount__sum': 751138, 'music': 28854182}, {'likecount__sum': 743800, 'music': 27876900}, {'likecount__sum': 742969, 'music': 29553031}, {'likecount__sum': 738128, 'music': 19542337}, {'likecount__sum': 721272, 'music': 401249910}, {'likecount__sum': 707220, 'music': 479422013}, {'likecount__sum': 698713, 'music': 26620756}, {'likecount__sum': 696285, 'music': 29431066}, {'likecount__sum': 674917, 'music': 405597568}, {'likecount__sum': 671374, 'music': 26625301}, {'likecount__sum': 655547, 'music': 86360}, {'likecount__sum': 646961, 'music': 94639}, {'likecount__sum': 645199, 'music': 448393515}, {'likecount__sum': 634832, 'music': 517571371}, {'likecount__sum': 624170, 'music': 471403427}, {'likecount__sum': 622666, 'music': 432506809}, {'likecount__sum': 616745, 'music': 32785700}, {'likecount__sum': 608920, 'music': 469699266}, {'likecount__sum': 608790, 'music': 27570832}, {'likecount__sum': 606138, 'music': 28815250}, {'likecount__sum': 605450, 'music': 1491585}, {'likecount__sum': 595748, 'music': 27890306}, {'likecount__sum': 595744, 'music': 448184048}, {'likecount__sum': 595185, 'music': 25706282}, {'likecount__sum': 573565, 'music': 118261}, {'likecount__sum': 562112, 'music': 432509483}, {'likecount__sum': 550321, 'music': 490602750}, {'likecount__sum': 545635, 'music': 20953761}, {'likecount__sum': 543042, 'music': 27583305}, {'likecount__sum': 539829, 'music': 3986017}, {'likecount__sum': 537556, 'music': 1212320}, {'likecount__sum': 536175, 'music': 30352891}, {'likecount__sum': 535993, 'music': 26830666}, {'likecount__sum': 533354, 'music': 25731320}, {'likecount__sum': 530445, 'music': 33937527}, {'likecount__sum': 529941, 'music': 415792881}, {'likecount__sum': 528915, 'music': 409654891}, {'likecount__sum': 528886, 'music': 406475394}, {'likecount__sum': 527190, 'music': 27901832}, {'likecount__sum': 526760, 'music': 186014}, {'likecount__sum': 525195, 'music': 29966565}, {'likecount__sum': 523196, 'music': 25788001}, {'likecount__sum': 518337, 'music': 31654479}, {'likecount__sum': 508829, 'music': 27406244}, {'likecount__sum': 508725, 'music': 450853439}, {'likecount__sum': 508470, 'music': 488256319}, {'likecount__sum': 504990, 'music': 451169473}, {'likecount__sum': 502806, 'music': 5260494}, {'likecount__sum': 501180, 'music': 29732659}, {'likecount__sum': 499701, 'music': 17996972}, {'likecount__sum': 495826, 'music': 31341931}, {'likecount__sum': 493236, 'music': 28639182}, {'likecount__sum': 491996, 'music': 5179544}, {'likecount__sum': 489446, 'music': 21803760}, {'likecount__sum': 489093, 'music': 32451809}, {'likecount__sum': 487403, 'music': 347230}, {'likecount__sum': 483402, 'music': 17177324}, {'likecount__sum': 482489, 'music': 427142481}]
[pid: 2104|app: 0|req: 5/19] 121.51.32.144 () {36 vars in 1078 bytes} [Tue Feb 27 19:35:55 2018] GET /music?nsukey=d80NqJJp%2B7NqhzpUsHrmfJjSeSRPLAruXYfbfixsptRZH6mz57fQaCLFUPb2B6wm1Qh1eXMEcKm4HdtzNQ6dmb2P%2FKAmJAc4FLxugXaeIua5YBhyOWWPXcWaAgWl0lxOSxbh1c47tGvS13indMdE1PBI1u3nPzIADST4mPhMQp8Sp78lpEPIg26w5mIGSLaOdd27NuHfsxSQa9HU%2BvG6Mg%3D%3D => generated 451769 bytes in 542 msecs (HTTP/1.1 200) 2 headers in 88 bytes (1 switches on core 0)
[{'likecount__sum': 2283271, 'music': 468513829}, {'likecount__sum': 2190078, 'music': 437250607}, {'likecount__sum': 2124279, 'music': 31654455}, {'likecount__sum': 2123867, 'music': 139774}, {'likecount__sum': 1989959, 'music': 436514312}, {'likecount__sum': 1713141, 'music': 31445772}, {'likecount__sum': 1607939, 'music': 489506275}, {'likecount__sum': 1520890, 'music': 27646205}, {'likecount__sum': 1465186, 'music': 30953009}, {'likecount__sum': 1459319, 'music': 531051217}, {'likecount__sum': 1426458, 'music': 38592976}, {'likecount__sum': 1367317, 'music': 496870798}, {'likecount__sum': 1358175, 'music': 513791211}, {'likecount__sum': 1327362, 'music': 29717271}, {'likecount__sum': 1309217, 'music': 37653063}, {'likecount__sum': 1289029, 'music': 480580003}, {'likecount__sum': 1279996, 'music': 483671599}, {'likecount__sum': 1234409, 'music': 451703096}, {'likecount__sum': 1228834, 'music': 33035611}, {'likecount__sum': 1224551, 'music': 421423806}, {'likecount__sum': 1217018, 'music': 28285910}, {'likecount__sum': 1211175, 'music': 461083054}, {'likecount__sum': 1193353, 'music': 27759600}, {'likecount__sum': 1171414, 'music': 465920905}, {'likecount__sum': 1149519, 'music': 29850531}, {'likecount__sum': 985273, 'music': 29750825}, {'likecount__sum': 968895, 'music': 3935139}, {'likecount__sum': 946986, 'music': 30431376}, {'likecount__sum': 908581, 'music': 4386589}, {'likecount__sum': 880451, 'music': 452986458}, {'likecount__sum': 858344, 'music': 31445554}, {'likecount__sum': 833662, 'music': 1934649}, {'likecount__sum': 823670, 'music': 442314991}, {'likecount__sum': 815220, 'music': 28188171}, {'likecount__sum': 811920, 'music': 515803379}, {'likecount__sum': 809783, 'music': 27867140}, {'likecount__sum': 804223, 'music': 4940920}, {'likecount__sum': 796685, 'music': 423228325}, {'likecount__sum': 785316, 'music': 514765154}, {'likecount__sum': 761654, 'music': 202373}, {'likecount__sum': 755941, 'music': 34229234}, {'likecount__sum': 753441, 'music': 308353}, {'likecount__sum': 751138, 'music': 28854182}, {'likecount__sum': 743800, 'music': 27876900}, {'likecount__sum': 742969, 'music': 29553031}, {'likecount__sum': 738128, 'music': 19542337}, {'likecount__sum': 721272, 'music': 401249910}, {'likecount__sum': 707220, 'music': 479422013}, {'likecount__sum': 698713, 'music': 26620756}, {'likecount__sum': 696285, 'music': 29431066}, {'likecount__sum': 674917, 'music': 405597568}, {'likecount__sum': 671374, 'music': 26625301}, {'likecount__sum': 655547, 'music': 86360}, {'likecount__sum': 646961, 'music': 94639}, {'likecount__sum': 645199, 'music': 448393515}, {'likecount__sum': 634832, 'music': 517571371}, {'likecount__sum': 624170, 'music': 471403427}, {'likecount__sum': 622666, 'music': 432506809}, {'likecount__sum': 616745, 'music': 32785700}, {'likecount__sum': 608920, 'music': 469699266}, {'likecount__sum': 608790, 'music': 27570832}, {'likecount__sum': 606138, 'music': 28815250}, {'likecount__sum': 605450, 'music': 1491585}, {'likecount__sum': 595748, 'music': 27890306}, {'likecount__sum': 595744, 'music': 448184048}, {'likecount__sum': 595185, 'music': 25706282}, {'likecount__sum': 573565, 'music': 118261}, {'likecount__sum': 562112, 'music': 432509483}, {'likecount__sum': 550321, 'music': 490602750}, {'likecount__sum': 545635, 'music': 20953761}, {'likecount__sum': 543042, 'music': 27583305}, {'likecount__sum': 539829, 'music': 3986017}, {'likecount__sum': 537556, 'music': 1212320}, {'likecount__sum': 536175, 'music': 30352891}, {'likecount__sum': 535993, 'music': 26830666}, {'likecount__sum': 533354, 'music': 25731320}, {'likecount__sum': 530445, 'music': 33937527}, {'likecount__sum': 529941, 'music': 415792881}, {'likecount__sum': 528915, 'music': 409654891}, {'likecount__sum': 528886, 'music': 406475394}, {'likecount__sum': 527190, 'music': 27901832}, {'likecount__sum': 526760, 'music': 186014}, {'likecount__sum': 525195, 'music': 29966565}, {'likecount__sum': 523196, 'music': 25788001}, {'likecount__sum': 518337, 'music': 31654479}, {'likecount__sum': 508829, 'music': 27406244}, {'likecount__sum': 508725, 'music': 450853439}, {'likecount__sum': 508470, 'music': 488256319}, {'likecount__sum': 504990, 'music': 451169473}, {'likecount__sum': 502806, 'music': 5260494}, {'likecount__sum': 501180, 'music': 29732659}, {'likecount__sum': 499701, 'music': 17996972}, {'likecount__sum': 495826, 'music': 31341931}, {'likecount__sum': 493236, 'music': 28639182}, {'likecount__sum': 491996, 'music': 5179544}, {'likecount__sum': 489446, 'music': 21803760}, {'likecount__sum': 489093, 'music': 32451809}, {'likecount__sum': 487403, 'music': 347230}, {'likecount__sum': 483402, 'music': 17177324}, {'likecount__sum': 482489, 'music': 427142481}]
[pid: 2103|app: 0|req: 4/20] 113.121.28.38 () {40 vars in 735 bytes} [Tue Feb 27 20:55:18 2018] GET /music => generated 451769 bytes in 524 msecs (HTTP/1.1 200) 2 headers in 88 bytes (1 switches on core 1)
[pid: 2104|app: 0|req: 6/21] 113.121.28.38 () {40 vars in 705 bytes} [Tue Feb 27 20:55:21 2018] GET /favicon.ico => generated 85 bytes in 1 msecs (HTTP/1.1 404) 2 headers in 80 bytes (1 switches on core 1)
[pid: 2104|app: 0|req: 7/22] 175.156.47.149 () {38 vars in 530 bytes} [Tue Feb 27 22:54:12 2018] GET / => generated 4438 bytes in 1 msecs (HTTP/1.0 200) 2 headers in 88 bytes (1 switches on core 1)
[pid: 2102|app: 0|req: 8/23] 117.50.7.159 () {28 vars in 309 bytes} [Wed Feb 28 01:54:53 2018] GET / => generated 4438 bytes in 1 msecs (HTTP/1.0 200) 2 headers in 88 bytes (1 switches on core 0)
[pid: 2102|app: 0|req: 9/24] 85.224.235.10 () {38 vars in 529 bytes} [Wed Feb 28 06:57:58 2018] GET / => generated 4438 bytes in 1 msecs (HTTP/1.0 200) 2 headers in 88 bytes (1 switches on core 1)
[{'likecount__sum': 2283271, 'music': 468513829}, {'likecount__sum': 2190078, 'music': 437250607}, {'likecount__sum': 2124279, 'music': 31654455}, {'likecount__sum': 2123867, 'music': 139774}, {'likecount__sum': 1989959, 'music': 436514312}, {'likecount__sum': 1713141, 'music': 31445772}, {'likecount__sum': 1607939, 'music': 489506275}, {'likecount__sum': 1520890, 'music': 27646205}, {'likecount__sum': 1465186, 'music': 30953009}, {'likecount__sum': 1459319, 'music': 531051217}, {'likecount__sum': 1426458, 'music': 38592976}, {'likecount__sum': 1367317, 'music': 496870798}, {'likecount__sum': 1358175, 'music': 513791211}, {'likecount__sum': 1327362, 'music': 29717271}, {'likecount__sum': 1309217, 'music': 37653063}, {'likecount__sum': 1289029, 'music': 480580003}, {'likecount__sum': 1279996, 'music': 483671599}, {'likecount__sum': 1234409, 'music': 451703096}, {'likecount__sum': 1228834, 'music': 33035611}, {'likecount__sum': 1224551, 'music': 421423806}, {'likecount__sum': 1217018, 'music': 28285910}, {'likecount__sum': 1211175, 'music': 461083054}, {'likecount__sum': 1193353, 'music': 27759600}, {'likecount__sum': 1171414, 'music': 465920905}, {'likecount__sum': 1149519, 'music': 29850531}, {'likecount__sum': 985273, 'music': 29750825}, {'likecount__sum': 968895, 'music': 3935139}, {'likecount__sum': 946986, 'music': 30431376}, {'likecount__sum': 908581, 'music': 4386589}, {'likecount__sum': 880451, 'music': 452986458}, {'likecount__sum': 858344, 'music': 31445554}, {'likecount__sum': 833662, 'music': 1934649}, {'likecount__sum': 823670, 'music': 442314991}, {'likecount__sum': 815220, 'music': 28188171}, {'likecount__sum': 811920, 'music': 515803379}, {'likecount__sum': 809783, 'music': 27867140}, {'likecount__sum': 804223, 'music': 4940920}, {'likecount__sum': 796685, 'music': 423228325}, {'likecount__sum': 785316, 'music': 514765154}, {'likecount__sum': 761654, 'music': 202373}, {'likecount__sum': 755941, 'music': 34229234}, {'likecount__sum': 753441, 'music': 308353}, {'likecount__sum': 751138, 'music': 28854182}, {'likecount__sum': 743800, 'music': 27876900}, {'likecount__sum': 742969, 'music': 29553031}, {'likecount__sum': 738128, 'music': 19542337}, {'likecount__sum': 721272, 'music': 401249910}, {'likecount__sum': 707220, 'music': 479422013}, {'likecount__sum': 698713, 'music': 26620756}, {'likecount__sum': 696285, 'music': 29431066}, {'likecount__sum': 674917, 'music': 405597568}, {'likecount__sum': 671374, 'music': 26625301}, {'likecount__sum': 655547, 'music': 86360}, {'likecount__sum': 646961, 'music': 94639}, {'likecount__sum': 645199, 'music': 448393515}, {'likecount__sum': 634832, 'music': 517571371}, {'likecount__sum': 624170, 'music': 471403427}, {'likecount__sum': 622666, 'music': 432506809}, {'likecount__sum': 616745, 'music': 32785700}, {'likecount__sum': 608920, 'music': 469699266}, {'likecount__sum': 608790, 'music': 27570832}, {'likecount__sum': 606138, 'music': 28815250}, {'likecount__sum': 605450, 'music': 1491585}, {'likecount__sum': 595748, 'music': 27890306}, {'likecount__sum': 595744, 'music': 448184048}, {'likecount__sum': 595185, 'music': 25706282}, {'likecount__sum': 573565, 'music': 118261}, {'likecount__sum': 562112, 'music': 432509483}, {'likecount__sum': 550321, 'music': 490602750}, {'likecount__sum': 545635, 'music': 20953761}, {'likecount__sum': 543042, 'music': 27583305}, {'likecount__sum': 539829, 'music': 3986017}, {'likecount__sum': 537556, 'music': 1212320}, {'likecount__sum': 536175, 'music': 30352891}, {'likecount__sum': 535993, 'music': 26830666}, {'likecount__sum': 533354, 'music': 25731320}, {'likecount__sum': 530445, 'music': 33937527}, {'likecount__sum': 529941, 'music': 415792881}, {'likecount__sum': 528915, 'music': 409654891}, {'likecount__sum': 528886, 'music': 406475394}, {'likecount__sum': 527190, 'music': 27901832}, {'likecount__sum': 526760, 'music': 186014}, {'likecount__sum': 525195, 'music': 29966565}, {'likecount__sum': 523196, 'music': 25788001}, {'likecount__sum': 518337, 'music': 31654479}, {'likecount__sum': 508829, 'music': 27406244}, {'likecount__sum': 508725, 'music': 450853439}, {'likecount__sum': 508470, 'music': 488256319}, {'likecount__sum': 504990, 'music': 451169473}, {'likecount__sum': 502806, 'music': 5260494}, {'likecount__sum': 501180, 'music': 29732659}, {'likecount__sum': 499701, 'music': 17996972}, {'likecount__sum': 495826, 'music': 31341931}, {'likecount__sum': 493236, 'music': 28639182}, {'likecount__sum': 491996, 'music': 5179544}, {'likecount__sum': 489446, 'music': 21803760}, {'likecount__sum': 489093, 'music': 32451809}, {'likecount__sum': 487403, 'music': 347230}, {'likecount__sum': 483402, 'music': 17177324}, {'likecount__sum': 482489, 'music': 427142481}]
[pid: 2102|app: 0|req: 10/25] 113.121.28.38 () {42 vars in 766 bytes} [Wed Feb 28 10:10:27 2018] GET /music => generated 451769 bytes in 543 msecs (HTTP/1.1 200) 2 headers in 88 bytes (1 switches on core 0)
[pid: 2102|app: 0|req: 11/26] 178.157.204.166 () {38 vars in 531 bytes} [Wed Feb 28 10:54:05 2018] GET / => generated 4438 bytes in 1 msecs (HTTP/1.0 200) 2 headers in 88 bytes (1 switches on core 1)
[pid: 2102|app: 0|req: 12/27] 39.77.82.70 () {40 vars in 684 bytes} [Wed Feb 28 15:58:48 2018] GET / => generated 4438 bytes in 1 msecs (HTTP/1.1 200) 2 headers in 88 bytes (1 switches on core 0)
[pid: 2104|app: 0|req: 9/28] 39.77.82.70 () {40 vars in 642 bytes} [Wed Feb 28 15:58:48 2018] GET /static/js/saolei.js => generated 93 bytes in 2 msecs (HTTP/1.1 404) 2 headers in 80 bytes (1 switches on core 1)
[pid: 2104|app: 0|req: 9/29] 39.77.82.70 () {40 vars in 661 bytes} [Wed Feb 28 15:58:48 2018] GET /static/css/saolei.css => generated 95 bytes in 2 msecs (HTTP/1.1 404) 2 headers in 80 bytes (1 switches on core 0)
[{'likecount__sum': 2283271, 'music': 468513829}, {'likecount__sum': 2190078, 'music': 437250607}, {'likecount__sum': 2124279, 'music': 31654455}, {'likecount__sum': 2123867, 'music': 139774}, {'likecount__sum': 1989959, 'music': 436514312}, {'likecount__sum': 1713141, 'music': 31445772}, {'likecount__sum': 1607939, 'music': 489506275}, {'likecount__sum': 1520890, 'music': 27646205}, {'likecount__sum': 1465186, 'music': 30953009}, {'likecount__sum': 1459319, 'music': 531051217}, {'likecount__sum': 1426458, 'music': 38592976}, {'likecount__sum': 1367317, 'music': 496870798}, {'likecount__sum': 1358175, 'music': 513791211}, {'likecount__sum': 1327362, 'music': 29717271}, {'likecount__sum': 1309217, 'music': 37653063}, {'likecount__sum': 1289029, 'music': 480580003}, {'likecount__sum': 1279996, 'music': 483671599}, {'likecount__sum': 1234409, 'music': 451703096}, {'likecount__sum': 1228834, 'music': 33035611}, {'likecount__sum': 1224551, 'music': 421423806}, {'likecount__sum': 1217018, 'music': 28285910}, {'likecount__sum': 1211175, 'music': 461083054}, {'likecount__sum': 1193353, 'music': 27759600}, {'likecount__sum': 1171414, 'music': 465920905}, {'likecount__sum': 1149519, 'music': 29850531}, {'likecount__sum': 985273, 'music': 29750825}, {'likecount__sum': 968895, 'music': 3935139}, {'likecount__sum': 946986, 'music': 30431376}, {'likecount__sum': 908581, 'music': 4386589}, {'likecount__sum': 880451, 'music': 452986458}, {'likecount__sum': 858344, 'music': 31445554}, {'likecount__sum': 833662, 'music': 1934649}, {'likecount__sum': 823670, 'music': 442314991}, {'likecount__sum': 815220, 'music': 28188171}, {'likecount__sum': 811920, 'music': 515803379}, {'likecount__sum': 809783, 'music': 27867140}, {'likecount__sum': 804223, 'music': 4940920}, {'likecount__sum': 796685, 'music': 423228325}, {'likecount__sum': 785316, 'music': 514765154}, {'likecount__sum': 761654, 'music': 202373}, {'likecount__sum': 755941, 'music': 34229234}, {'likecount__sum': 753441, 'music': 308353}, {'likecount__sum': 751138, 'music': 28854182}, {'likecount__sum': 743800, 'music': 27876900}, {'likecount__sum': 742969, 'music': 29553031}, {'likecount__sum': 738128, 'music': 19542337}, {'likecount__sum': 721272, 'music': 401249910}, {'likecount__sum': 707220, 'music': 479422013}, {'likecount__sum': 698713, 'music': 26620756}, {'likecount__sum': 696285, 'music': 29431066}, {'likecount__sum': 674917, 'music': 405597568}, {'likecount__sum': 671374, 'music': 26625301}, {'likecount__sum': 655547, 'music': 86360}, {'likecount__sum': 646961, 'music': 94639}, {'likecount__sum': 645199, 'music': 448393515}, {'likecount__sum': 634832, 'music': 517571371}, {'likecount__sum': 624170, 'music': 471403427}, {'likecount__sum': 622666, 'music': 432506809}, {'likecount__sum': 616745, 'music': 32785700}, {'likecount__sum': 608920, 'music': 469699266}, {'likecount__sum': 608790, 'music': 27570832}, {'likecount__sum': 606138, 'music': 28815250}, {'likecount__sum': 605450, 'music': 1491585}, {'likecount__sum': 595748, 'music': 27890306}, {'likecount__sum': 595744, 'music': 448184048}, {'likecount__sum': 595185, 'music': 25706282}, {'likecount__sum': 573565, 'music': 118261}, {'likecount__sum': 562112, 'music': 432509483}, {'likecount__sum': 550321, 'music': 490602750}, {'likecount__sum': 545635, 'music': 20953761}, {'likecount__sum': 543042, 'music': 27583305}, {'likecount__sum': 539829, 'music': 3986017}, {'likecount__sum': 537556, 'music': 1212320}, {'likecount__sum': 536175, 'music': 30352891}, {'likecount__sum': 535993, 'music': 26830666}, {'likecount__sum': 533354, 'music': 25731320}, {'likecount__sum': 530445, 'music': 33937527}, {'likecount__sum': 529941, 'music': 415792881}, {'likecount__sum': 528915, 'music': 409654891}, {'likecount__sum': 528886, 'music': 406475394}, {'likecount__sum': 527190, 'music': 27901832}, {'likecount__sum': 526760, 'music': 186014}, {'likecount__sum': 525195, 'music': 29966565}, {'likecount__sum': 523196, 'music': 25788001}, {'likecount__sum': 518337, 'music': 31654479}, {'likecount__sum': 508829, 'music': 27406244}, {'likecount__sum': 508725, 'music': 450853439}, {'likecount__sum': 508470, 'music': 488256319}, {'likecount__sum': 504990, 'music': 451169473}, {'likecount__sum': 502806, 'music': 5260494}, {'likecount__sum': 501180, 'music': 29732659}, {'likecount__sum': 499701, 'music': 17996972}, {'likecount__sum': 495826, 'music': 31341931}, {'likecount__sum': 493236, 'music': 28639182}, {'likecount__sum': 491996, 'music': 5179544}, {'likecount__sum': 489446, 'music': 21803760}, {'likecount__sum': 489093, 'music': 32451809}, {'likecount__sum': 487403, 'music': 347230}, {'likecount__sum': 483402, 'music': 17177324}, {'likecount__sum': 482489, 'music': 427142481}]
[pid: 2102|app: 0|req: 13/30] 39.77.82.70 () {42 vars in 837 bytes} [Wed Feb 28 15:58:51 2018] GET /music => generated 451769 bytes in 525 msecs (HTTP/1.1 200) 2 headers in 88 bytes (1 switches on core 1)
